<?xml version="1.0" encoding="UTF-8"?>
<!-- Generated by org.testng.reporters.JUnitReportReporter -->
<testsuite hostname="DESKTOP-8T4D3JD" failures="0" tests="1" name="com.test.LoginTest" time="17.328" errors="0" timestamp="2024-10-22T17:14:43 IST" skipped="0">
  <testcase classname="com.test.LoginTest" name="loginUser" time="17.328"/>
  <system-out/>
</testsuite> <!-- com.test.LoginTest -->
