<?xml version="1.0" encoding="UTF-8"?>
<!-- Generated by org.testng.reporters.JUnitReportReporter -->
<testsuite hostname="DESKTOP-8T4D3JD" failures="0" tests="1" name="com.test.Registrationtest" time="5.535" errors="0" timestamp="2024-10-22T17:14:43 IST" skipped="0">
  <testcase classname="com.test.Registrationtest" name="testRegistrationWithResumeUpload" time="5.535"/>
  <system-out/>
</testsuite> <!-- com.test.Registrationtest -->
